2020-11-01 18:38:18 DEBUG -[dbConnection.js] Database connected
2020-11-01 18:39:15 DEBUG -D:\RAHUL\JIO-Test\src\connections\dbConnection.jsDatabase connected
2020-11-01 18:39:48 DEBUG -D:\RAHUL\JIO-Test\src\connections\dbConnection.jsDatabase connected
2020-11-01 18:39:52 DEBUG -D:\RAHUL\JIO-Test\src\connections\dbConnection.jsDatabase connected
2020-11-01 18:40:15 DEBUG -D:\RAHUL\JIO-Test\src\connections\dbConnection.jsDatabase connected
2020-11-01 18:40:31 DEBUG -D:\RAHUL\JIO-Test\src\connections\dbConnection.jsDatabase connected
2020-11-01 18:40:55 DEBUG -D:\RAHUL\JIO-Test\src\connections\dbConnection.js Database connected
2020-11-01 18:41:31 DEBUG -D:\RAHUL\JIO-Test\src\connections\dbConnection.js [Database connected]
2020-11-01 18:43:10 DEBUG -D:\RAHUL\JIO-Test\src\connections\dbConnection.js [Database connected]
2020-11-01 18:49:13 DEBUG -D:\RAHUL\JIO-Test\src\connections\dbConnection.js [Database connected]
2020-11-01 18:49:31 DEBUG -D:\RAHUL\JIO-Test\src\connections\dbConnection.js [Database connected]
2020-11-01 18:50:39 DEBUG -D:\RAHUL\JIO-Test\src\connections\dbConnection.js [Database connected]
2020-11-01 18:51:35 DEBUG -D:\RAHUL\JIO-Test\src\connections\dbConnection.js [Database connected]
2020-11-01 18:53:28 DEBUG -D:\RAHUL\JIO-Test\src\connections\dbConnection.js [Database connected]
2020-11-01 18:53:54 DEBUG -D:\RAHUL\JIO-Test\src\connections\dbConnection.js [Database connected]
2020-11-01 18:54:45 DEBUG -D:\RAHUL\JIO-Test\src\connections\dbConnection.js [Database connected]
2020-11-01 18:54:49 DEBUG -D:\RAHUL\JIO-Test\src\connections\dbConnection.js [Database connected]
2020-11-01 18:56:05 DEBUG -D:\RAHUL\JIO-Test\src\connections\dbConnection.js [Database connected]
2020-11-01 18:56:11 DEBUG -D:\RAHUL\JIO-Test\src\connections\dbConnection.js [Database connected]
2020-11-01 18:57:20 DEBUG -D:\RAHUL\JIO-Test\src\connections\dbConnection.js [Database connected]
2020-11-01 18:57:24 DEBUG -D:\RAHUL\JIO-Test\src\connections\dbConnection.js [Database connected]
2020-11-01 19:00:59 DEBUG -D:\RAHUL\JIO-Test\src\connections\dbConnection.js [Database connected]
2020-11-01 19:01:18 DEBUG -D:\RAHUL\JIO-Test\src\connections\dbConnection.js [Database connected]
2020-11-01 19:01:39 DEBUG -D:\RAHUL\JIO-Test\src\connections\dbConnection.js [Database connected]
2020-11-01 19:02:00 DEBUG -D:\RAHUL\JIO-Test\src\connections\dbConnection.js [Database connected]
2020-11-01 19:02:32 DEBUG -D:\RAHUL\JIO-Test\src\connections\dbConnection.js [Database connected]
2020-11-01 19:02:34 DEBUG -D:\RAHUL\JIO-Test\src\connections\dbConnection.js [Database connected]
2020-11-01 19:04:03 DEBUG -D:\RAHUL\JIO-Test\src\connections\dbConnection.js [Database connected]
2020-11-01 19:04:28 DEBUG -D:\RAHUL\JIO-Test\src\connections\dbConnection.js [Database connected]
2020-11-01 19:09:13 DEBUG -D:\RAHUL\JIO-Test\src\connections\dbConnection.js [Database connected]
2020-11-01 19:09:27 DEBUG -D:\RAHUL\JIO-Test\src\connections\dbConnection.js [Database connected]
2020-11-01 19:10:39 DEBUG -D:\RAHUL\JIO-Test\src\connections\dbConnection.js [Database connected]
2020-11-01 19:10:47 DEBUG -D:\RAHUL\JIO-Test\src\connections\dbConnection.js [Database connected]
2020-11-01 19:11:45 DEBUG -D:\RAHUL\JIO-Test\src\connections\dbConnection.js [Database connected]
2020-11-01 19:12:12 DEBUG -D:\RAHUL\JIO-Test\src\connections\dbConnection.js [Database connected]
2020-11-01 19:12:32 DEBUG -D:\RAHUL\JIO-Test\src\connections\dbConnection.js [Database connected]
2020-11-01 19:13:01 DEBUG -D:\RAHUL\JIO-Test\src\connections\dbConnection.js [Database connected]
2020-11-01 19:13:03 DEBUG -D:\RAHUL\JIO-Test\src\connections\dbConnection.js [Database connected]
2020-11-01 19:13:48 DEBUG -D:\RAHUL\JIO-Test\src\connections\dbConnection.js [Database connected]
2020-11-01 19:13:50 DEBUG -D:\RAHUL\JIO-Test\src\connections\dbConnection.js [Database connected]
2020-11-01 19:14:24 DEBUG -D:\RAHUL\JIO-Test\src\connections\dbConnection.js [Database connected]
2020-11-01 19:14:44 DEBUG -D:\RAHUL\JIO-Test\src\connections\dbConnection.js [Database connected]
2020-11-01 19:15:35 DEBUG -D:\RAHUL\JIO-Test\src\connections\dbConnection.js [Database connected]
2020-11-01 19:20:41 DEBUG -D:\RAHUL\JIO-Test\src\connections\dbConnection.js [Database connected]
2020-11-01 19:20:54 DEBUG -D:\RAHUL\JIO-Test\src\connections\dbConnection.js [Database connected]
2020-11-01 19:24:13 DEBUG -D:\RAHUL\JIO-Test\src\connections\dbConnection.js [Database connected]
2020-11-01 19:26:36 DEBUG -D:\RAHUL\JIO-Test\src\connections\dbConnection.js [Database connected]
2020-11-01 19:29:10 DEBUG -D:\RAHUL\JIO-Test\src\connections\dbConnection.js [Database connected]
2020-11-01 19:30:05 DEBUG -D:\RAHUL\JIO-Test\src\connections\dbConnection.js [Database connected]
2020-11-01 19:31:29 DEBUG -D:\RAHUL\JIO-Test\src\connections\dbConnection.js [Database connected]
2020-11-01 19:32:24 DEBUG -D:\RAHUL\JIO-Test\src\connections\dbConnection.js [Database connected]
2020-11-01 19:32:32 DEBUG -D:\RAHUL\JIO-Test\src\connections\dbConnection.js [Database connected]
2020-11-01 19:44:15 DEBUG -D:\RAHUL\JIO-Test\src\connections\dbConnection.js [Database connected]
2020-11-01 19:45:31 DEBUG -D:\RAHUL\JIO-Test\src\connections\dbConnection.js [Database connected]
2020-11-01 19:47:44 DEBUG -D:\RAHUL\JIO-Test\src\connections\dbConnection.js [Database connected]
2020-11-01 19:48:07 DEBUG -D:\RAHUL\JIO-Test\src\connections\dbConnection.js [Database connected]
2020-11-01 19:50:57 DEBUG -D:\RAHUL\JIO-Test\src\connections\dbConnection.js [Database connected]
2020-11-01 19:51:09 DEBUG -D:\RAHUL\JIO-Test\src\connections\dbConnection.js [Database connected]
2020-11-01 19:53:56 DEBUG -D:\RAHUL\JIO-Test\src\connections\dbConnection.js [Database connected]
2020-11-01 19:54:08 DEBUG -D:\RAHUL\JIO-Test\src\connections\dbConnection.js [Database connected]
2020-11-01 19:55:49 DEBUG -D:\RAHUL\JIO-Test\src\connections\dbConnection.js [Database connected]
2020-11-01 19:55:58 DEBUG -D:\RAHUL\JIO-Test\src\connections\dbConnection.js [Database connected]
2020-11-01 19:57:31 DEBUG -D:\RAHUL\JIO-Test\src\connections\dbConnection.js [Database connected]
2020-11-01 20:01:58 DEBUG -D:\RAHUL\JIO-Test\src\connections\dbConnection.js [Database connected]
2020-11-01 20:12:25 DEBUG -D:\RAHUL\JIO-Test\src\connections\dbConnection.js [Database connected]
2020-11-01 21:03:02 DEBUG -D:\RAHUL\JIO-Test\src\connections\dbConnection.js [Database connected]
2020-11-01 21:03:41 DEBUG -D:\RAHUL\JIO-Test\src\connections\dbConnection.js [Database connected]
2020-11-01 21:04:33 DEBUG -D:\RAHUL\JIO-Test\src\connections\dbConnection.js [Database connected]
2020-11-01 21:04:37 DEBUG -D:\RAHUL\JIO-Test\src\connections\dbConnection.js [Database connected]
2020-11-01 21:04:45 DEBUG -D:\RAHUL\JIO-Test\src\connections\dbConnection.js [Database connected]
2020-11-01 21:06:58 DEBUG -D:\RAHUL\JIO-Test\src\connections\dbConnection.js [Database connected]
2020-11-01 21:07:05 DEBUG -D:\RAHUL\JIO-Test\src\connections\dbConnection.js [Database connected]
2020-11-01 21:07:41 DEBUG -D:\RAHUL\JIO-Test\src\connections\dbConnection.js [Database connected]
2020-11-01 21:08:08 DEBUG -D:\RAHUL\JIO-Test\src\connections\dbConnection.js [Database connected]
2020-11-01 21:08:21 DEBUG -D:\RAHUL\JIO-Test\src\connections\dbConnection.js [Database connected]
2020-11-01 21:08:25 DEBUG -D:\RAHUL\JIO-Test\src\connections\dbConnection.js [Database connected]
2020-11-01 21:09:27 DEBUG -D:\RAHUL\JIO-Test\src\connections\dbConnection.js [Database connected]
2020-11-01 21:10:32 DEBUG -D:\RAHUL\JIO-Test\src\connections\dbConnection.js [Database connected]
2020-11-01 21:10:40 DEBUG -D:\RAHUL\JIO-Test\src\connections\dbConnection.js [Database connected]
2020-11-01 21:10:51 DEBUG -D:\RAHUL\JIO-Test\src\connections\dbConnection.js [Database connected]
2020-11-01 21:12:41 DEBUG -D:\RAHUL\JIO-Test\src\connections\dbConnection.js [Database connected]
2020-11-01 21:12:52 DEBUG -D:\RAHUL\JIO-Test\src\connections\dbConnection.js [Database connected]
2020-11-01 21:16:09 DEBUG -D:\RAHUL\JIO-Test\src\connections\dbConnection.js [Database connected]
2020-11-01 21:16:12 DEBUG -D:\RAHUL\JIO-Test\src\connections\dbConnection.js [Database connected]
2020-11-01 21:16:29 DEBUG -D:\RAHUL\JIO-Test\src\connections\dbConnection.js [Database connected]
2020-11-01 21:51:17 DEBUG -D:\RAHUL\JIO-Test\src\connections\dbConnection.js [Database connected]
2020-11-01 21:51:50 DEBUG -D:\RAHUL\JIO-Test\src\connections\dbConnection.js [Database connected]
2020-11-01 21:52:11 DEBUG -D:\RAHUL\JIO-Test\src\connections\dbConnection.js [Database connected]
2020-11-01 21:52:21 DEBUG -D:\RAHUL\JIO-Test\src\connections\dbConnection.js [Database connected]
2020-11-01 21:52:40 DEBUG -D:\RAHUL\JIO-Test\src\connections\dbConnection.js [Database connected]
2020-11-01 21:55:10 DEBUG -D:\RAHUL\JIO-Test\src\connections\dbConnection.js [Database connected]
2020-11-01 21:59:51 DEBUG -D:\RAHUL\JIO-Test\src\connections\dbConnection.js [Database connected]
2020-11-01 22:01:37 DEBUG -D:\RAHUL\JIO-Test\src\connections\dbConnection.js [Database connected]
2020-11-01 22:05:36 DEBUG -D:\RAHUL\JIO-Test\src\connections\dbConnection.js [Database connected]
2020-11-01 22:06:12 DEBUG -D:\RAHUL\JIO-Test\src\connections\dbConnection.js [Database connected]
2020-11-01 22:16:51 DEBUG -D:\RAHUL\JIO-Test\src\connections\dbConnection.js [Database connected]
2020-11-01 22:21:50 DEBUG -D:\RAHUL\JIO-Test\src\connections\dbConnection.js [Database connected]
2020-11-01 22:21:55 DEBUG -D:\RAHUL\JIO-Test\src\connections\dbConnection.js [Database connected]
2020-11-01 22:22:15 DEBUG -D:\RAHUL\JIO-Test\src\connections\dbConnection.js [Database connected]
2020-11-01 22:23:43 DEBUG -D:\RAHUL\JIO-Test\src\connections\dbConnection.js [Database connected]
2020-11-01 22:23:58 DEBUG -D:\RAHUL\JIO-Test\src\connections\dbConnection.js [Database connected]
2020-11-01 22:24:02 DEBUG -D:\RAHUL\JIO-Test\src\connections\dbConnection.js [Database connected]
2020-11-01 22:24:17 DEBUG -D:\RAHUL\JIO-Test\src\connections\dbConnection.js [Database connected]
2020-11-01 22:24:21 DEBUG -D:\RAHUL\JIO-Test\src\connections\dbConnection.js [Database connected]
2020-11-01 22:24:36 DEBUG -D:\RAHUL\JIO-Test\src\connections\dbConnection.js [Database connected]
2020-11-01 22:25:20 DEBUG -D:\RAHUL\JIO-Test\src\connections\dbConnection.js [Database connected]
2020-11-01 22:25:44 DEBUG -D:\RAHUL\JIO-Test\src\connections\dbConnection.js [Database connected]
2020-11-01 22:26:30 DEBUG -D:\RAHUL\JIO-Test\src\connections\dbConnection.js [Database connected]
2020-11-01 22:44:48 DEBUG -D:\RAHUL\JIO-Test\jio-task\connections\dbConnection.js [Database connected]
2020-11-01 22:45:20 DEBUG -D:\RAHUL\JIO-Test\jio-task\connections\dbConnection.js [Database connected]
2020-11-01 22:50:36 DEBUG -D:\RAHUL\JIO-Test\jio-task\connections\dbConnection.js [Database connected]
2020-11-01 22:50:51 DEBUG -D:\RAHUL\JIO-Test\jio-task\connections\dbConnection.js [Database connected]
2020-11-01 22:51:24 DEBUG -D:\RAHUL\JIO-Test\jio-task\connections\dbConnection.js [Database connected]
2020-11-01 22:51:59 DEBUG -D:\RAHUL\JIO-Test\jio-task\connections\dbConnection.js [Database connected]
2020-11-01 22:53:37 DEBUG -D:\RAHUL\JIO-Test\jio-task\connections\dbConnection.js [Database connected]
2020-11-01 22:55:43 DEBUG -D:\RAHUL\JIO-Test\jio-task\connections\dbConnection.js [Database connected]
2020-11-01 22:56:27 DEBUG -D:\RAHUL\JIO-Test\jio-task\connections\dbConnection.js [Database connected]
2020-11-01 22:57:10 DEBUG -D:\RAHUL\JIO-Test\jio-task\connections\dbConnection.js [Database connected]
2020-11-01 22:57:13 DEBUG -D:\RAHUL\JIO-Test\jio-task\connections\dbConnection.js [Database connected]
2020-11-01 22:57:26 DEBUG -D:\RAHUL\JIO-Test\jio-task\connections\dbConnection.js [Database connected]
2020-11-01 22:59:28 DEBUG -D:\RAHUL\JIO-Test\jio-task\connections\dbConnection.js [Database connected]
2020-11-01 23:00:09 DEBUG -D:\RAHUL\JIO-Test\jio-task\connections\dbConnection.js [Database connected]
2020-11-01 23:00:29 DEBUG -D:\RAHUL\JIO-Test\jio-task\connections\dbConnection.js [Database connected]
2020-11-01 23:00:58 DEBUG -D:\RAHUL\JIO-Test\jio-task\connections\dbConnection.js [Database connected]
2020-11-01 23:01:20 DEBUG -D:\RAHUL\JIO-Test\jio-task\connections\dbConnection.js [Database connected]
2020-11-01 23:01:40 DEBUG -D:\RAHUL\JIO-Test\jio-task\connections\dbConnection.js [Database connected]
2020-11-01 23:01:46 DEBUG -D:\RAHUL\JIO-Test\jio-task\connections\dbConnection.js [Database connected]
2020-11-01 23:02:08 DEBUG -D:\RAHUL\JIO-Test\jio-task\connections\dbConnection.js [Database connected]
2020-11-01 23:05:08 DEBUG -D:\RAHUL\JIO-Test\jio-task\connections\dbConnection.js [Database connected]
2020-11-01 23:05:41 DEBUG -D:\RAHUL\JIO-Test\jio-task\connections\dbConnection.js [Database connected]
2020-11-01 23:08:20 DEBUG -D:\RAHUL\JIO-Test\jio-task\connections\dbConnection.js [Database connected]
2020-11-01 23:11:33 DEBUG -D:\RAHUL\JIO-Test\jio-task\connections\dbConnection.js [Database connected]
2020-11-01 23:12:02 DEBUG -D:\RAHUL\JIO-Test\jio-task\connections\dbConnection.js [Database connected]
2020-11-01 23:12:30 DEBUG -D:\RAHUL\JIO-Test\jio-task\connections\dbConnection.js [Database connected]
2020-11-01 23:13:54 DEBUG -D:\RAHUL\JIO-Test\jio-task\connections\dbConnection.js [Database connected]
2020-11-01 23:14:17 DEBUG -D:\RAHUL\JIO-Test\jio-task\connections\dbConnection.js [Database connected]
2020-11-01 23:18:51 DEBUG -D:\RAHUL\JIO-Test\jio-task\connections\dbConnection.js [Database connected]
2020-11-01 23:19:08 DEBUG -D:\RAHUL\JIO-Test\jio-task\connections\dbConnection.js [Database connected]
2020-11-01 23:20:22 DEBUG -D:\RAHUL\JIO-Test\jio-task\connections\dbConnection.js [Database connected]
2020-11-01 23:21:54 DEBUG -D:\RAHUL\JIO-Test\jio-task\connections\dbConnection.js [Database connected]
2020-11-01 23:24:00 DEBUG -D:\RAHUL\JIO-Test\jio-task\connections\dbConnection.js [Database connected]
2020-11-01 23:24:32 DEBUG -D:\RAHUL\JIO-Test\jio-task\connections\dbConnection.js [Database connected]
2020-11-01 23:24:42 DEBUG -D:\RAHUL\JIO-Test\jio-task\connections\dbConnection.js [Database connected]
2020-11-01 23:25:20 DEBUG -D:\RAHUL\JIO-Test\jio-task\connections\dbConnection.js [Database connected]
2020-11-01 23:25:59 DEBUG -D:\RAHUL\JIO-Test\jio-task\connections\dbConnection.js [Database connected]
2020-11-01 23:26:22 DEBUG -D:\RAHUL\JIO-Test\jio-task\connections\dbConnection.js [Database connected]
2020-11-01 23:26:28 DEBUG -D:\RAHUL\JIO-Test\jio-task\connections\dbConnection.js [Database connected]
2020-11-01 23:28:21 DEBUG -D:\RAHUL\JIO-Test\jio-task\connections\dbConnection.js [Database connected]
2020-11-01 23:28:38 DEBUG -D:\RAHUL\JIO-Test\jio-task\connections\dbConnection.js [Database connected]
2020-11-01 23:28:55 DEBUG -D:\RAHUL\JIO-Test\jio-task\connections\dbConnection.js [Database connected]
2020-11-01 23:31:22 DEBUG -D:\RAHUL\JIO-Test\jio-task\connections\dbConnection.js [Database connected]
2020-11-01 23:36:57 DEBUG -D:\RAHUL\JIO-Test\jio-task\connections\dbConnection.js [Database connected]
2020-11-01 23:37:13 DEBUG -D:\RAHUL\JIO-Test\jio-task\connections\dbConnection.js [Database connected]
2020-11-01 23:37:17 DEBUG -D:\RAHUL\JIO-Test\jio-task\connections\dbConnection.js [Database connected]
2020-11-01 23:37:58 DEBUG -D:\RAHUL\JIO-Test\jio-task\connections\dbConnection.js [Database connected]
2020-11-01 23:38:47 DEBUG -D:\RAHUL\JIO-Test\jio-task\connections\dbConnection.js [Database connected]
2020-11-01 23:39:16 DEBUG -D:\RAHUL\JIO-Test\jio-task\connections\dbConnection.js [Database connected]
2020-11-01 23:42:12 DEBUG -D:\RAHUL\JIO-Test\jio-task\connections\dbConnection.js [Database connected]
2020-11-01 23:42:18 DEBUG -D:\RAHUL\JIO-Test\jio-task\connections\dbConnection.js [Database connected]
2020-11-01 23:42:52 DEBUG -D:\RAHUL\JIO-Test\jio-task\connections\dbConnection.js [Database connected]
2020-11-01 23:43:08 DEBUG -D:\RAHUL\JIO-Test\jio-task\connections\dbConnection.js [Database connected]
2020-11-01 23:43:16 DEBUG -D:\RAHUL\JIO-Test\jio-task\connections\dbConnection.js [Database connected]
2020-11-01 23:43:33 DEBUG -D:\RAHUL\JIO-Test\jio-task\connections\dbConnection.js [Database connected]
2020-11-01 23:44:18 DEBUG -D:\RAHUL\JIO-Test\jio-task\connections\dbConnection.js [Database connected]
2020-11-01 23:44:40 DEBUG -D:\RAHUL\JIO-Test\jio-task\connections\dbConnection.js [Database connected]
2020-11-01 23:44:50 DEBUG -D:\RAHUL\JIO-Test\jio-task\connections\dbConnection.js [Database connected]
2020-11-01 23:45:41 DEBUG -D:\RAHUL\JIO-Test\jio-task\connections\dbConnection.js [Database connected]
2020-11-01 23:47:50 DEBUG -D:\RAHUL\JIO-Test\jio-task\connections\dbConnection.js [Database connected]
2020-11-01 23:48:18 DEBUG -D:\RAHUL\JIO-Test\jio-task\connections\dbConnection.js [Database connected]
2020-11-01 23:48:25 DEBUG -D:\RAHUL\JIO-Test\jio-task\connections\dbConnection.js [Database connected]
2020-11-01 23:48:39 DEBUG -D:\RAHUL\JIO-Test\jio-task\connections\dbConnection.js [Database connected]
2020-11-01 23:48:44 DEBUG -D:\RAHUL\JIO-Test\jio-task\connections\dbConnection.js [Database connected]
2020-11-01 23:48:49 DEBUG -D:\RAHUL\JIO-Test\jio-task\connections\dbConnection.js [Database connected]
2020-11-01 23:48:52 DEBUG -D:\RAHUL\JIO-Test\jio-task\connections\dbConnection.js [Database connected]
2020-11-01 23:48:56 DEBUG -D:\RAHUL\JIO-Test\jio-task\connections\dbConnection.js [Database connected]
2020-11-01 23:56:47 DEBUG -D:\RAHUL\JIO-Test\jio-task\connections\dbConnection.js [Database connected]
2020-11-01 23:58:58 DEBUG -D:\RAHUL\JIO-Test\jio-task\connections\dbConnection.js [Database connected]
2020-11-02 00:00:39 DEBUG -D:\RAHUL\JIO-Test\jio-task\connections\dbConnection.js [Database connected]
2020-11-02 00:00:41 DEBUG -D:\RAHUL\JIO-Test\jio-task\connections\dbConnection.js [Database connected]
2020-11-02 00:00:56 DEBUG -D:\RAHUL\JIO-Test\jio-task\connections\dbConnection.js [Database connected]
2020-11-02 00:01:16 DEBUG -D:\RAHUL\JIO-Test\jio-task\connections\dbConnection.js [Database connected]
2020-11-02 00:15:27 DEBUG -D:\RAHUL\JIO-Test\jio-task\connections\dbConnection.js [Database connected]
2020-11-02 00:17:33 DEBUG -D:\RAHUL\JIO-Test\jio-task\connections\dbConnection.js [Database connected]
2020-11-02 00:20:21 DEBUG -D:\RAHUL\JIO-Test\jio-task\connections\dbConnection.js [Database connected]
2020-11-02 00:22:07 DEBUG -D:\RAHUL\JIO-Test\jio-task\connections\dbConnection.js [Database connected]
2020-11-02 00:22:09 DEBUG -D:\RAHUL\JIO-Test\jio-task\connections\dbConnection.js [Database connected]
2020-11-02 00:22:13 DEBUG -D:\RAHUL\JIO-Test\jio-task\connections\dbConnection.js [Database connected]
2020-11-02 00:22:21 DEBUG -D:\RAHUL\JIO-Test\jio-task\connections\dbConnection.js [Database connected]
2020-11-02 00:24:40 DEBUG -D:\RAHUL\JIO-Test\jio-task\connections\dbConnection.js [Database connected]
2020-11-02 00:26:06 DEBUG -D:\RAHUL\JIO-Test\jio-task\connections\dbConnection.js [Database connected]
2020-11-02 00:26:15 DEBUG -D:\RAHUL\JIO-Test\jio-task\connections\dbConnection.js [Database connected]
2020-11-02 00:28:01 DEBUG -D:\RAHUL\JIO-Test\jio-task\connections\dbConnection.js [Database connected]
2020-11-02 00:28:08 DEBUG -D:\RAHUL\JIO-Test\jio-task\connections\dbConnection.js [Database connected]
2020-11-02 00:30:29 DEBUG -D:\RAHUL\JIO-Test\jio-task\connections\dbConnection.js [Database connected]
2020-11-02 00:31:26 DEBUG -D:\RAHUL\JIO-Test\jio-task\connections\dbConnection.js [Database connected]
2020-11-02 00:31:29 DEBUG -D:\RAHUL\JIO-Test\jio-task\connections\dbConnection.js [Database connected]
2020-11-02 00:31:33 DEBUG -D:\RAHUL\JIO-Test\jio-task\connections\dbConnection.js [Database connected]
2020-11-02 00:31:36 DEBUG -D:\RAHUL\JIO-Test\jio-task\connections\dbConnection.js [Database connected]
2020-11-02 00:32:35 DEBUG -D:\RAHUL\JIO-Test\jio-task\connections\dbConnection.js [Database connected]
2020-11-02 00:36:22 DEBUG -D:\RAHUL\JIO-Test\jio-task\connections\dbConnection.js [Database connected]
2020-11-02 00:37:15 DEBUG -D:\RAHUL\JIO-Test\jio-task\connections\dbConnection.js [Database connected]
2020-11-02 00:37:56 DEBUG -D:\RAHUL\JIO-Test\jio-task\connections\dbConnection.js [Database connected]
2020-11-02 00:38:25 DEBUG -D:\RAHUL\JIO-Test\jio-task\connections\dbConnection.js [Database connected]
2020-11-02 00:38:41 DEBUG -D:\RAHUL\JIO-Test\jio-task\connections\dbConnection.js [Database connected]
2020-11-02 00:41:44 DEBUG -D:\RAHUL\JIO-Test\jio-task\connections\dbConnection.js [Database connected]
2020-11-02 00:41:48 DEBUG -D:\RAHUL\JIO-Test\jio-task\connections\dbConnection.js [Database connected]
2020-11-02 00:42:38 DEBUG -D:\RAHUL\JIO-Test\jio-task\connections\dbConnection.js [Database connected]
2020-11-02 00:43:11 DEBUG -D:\RAHUL\JIO-Test\jio-task\connections\dbConnection.js [Database connected]
2020-11-02 00:45:47 DEBUG -D:\RAHUL\JIO-Test\jio-task\connections\dbConnection.js [Database connected]
2020-11-02 00:46:41 DEBUG -D:\RAHUL\JIO-Test\jio-task\connections\dbConnection.js [Database connected]
2020-11-02 00:48:17 DEBUG -D:\RAHUL\JIO-Test\jio-task\connections\dbConnection.js [Database connected]
2020-11-02 00:55:09 DEBUG -D:\RAHUL\JIO-Test\jio-task\connections\dbConnection.js [Database connected]
2020-11-02 00:57:11 DEBUG -D:\RAHUL\JIO-Test\jio-task\connections\dbConnection.js [Database connected]
2020-11-02 00:57:42 DEBUG -D:\RAHUL\JIO-Test\jio-task\connections\dbConnection.js [Database connected]
2020-11-02 00:58:32 DEBUG -D:\RAHUL\JIO-Test\jio-task\connections\dbConnection.js [Database connected]
2020-11-02 00:59:02 DEBUG -D:\RAHUL\JIO-Test\jio-task\connections\dbConnection.js [Database connected]
2020-11-02 00:59:51 DEBUG -D:\RAHUL\JIO-Test\jio-task\connections\dbConnection.js [Database connected]
2020-11-02 01:00:13 DEBUG -D:\RAHUL\JIO-Test\jio-task\connections\dbConnection.js [Database connected]
2020-11-02 01:00:17 DEBUG -D:\RAHUL\JIO-Test\jio-task\connections\dbConnection.js [Database connected]
2020-11-02 01:01:40 DEBUG -D:\RAHUL\JIO-Test\jio-task\connections\dbConnection.js [Database connected]
2020-11-02 01:07:32 DEBUG -D:\RAHUL\JIO-Test\jio-task\connections\dbConnection.js [Database connected]
2020-11-02 01:09:30 DEBUG -D:\RAHUL\JIO-Test\jio-task\connections\dbConnection.js [Database connected]
2020-11-02 01:10:55 DEBUG -D:\RAHUL\JIO-Test\jio-task\connections\dbConnection.js [Database connected]
2020-11-02 01:11:46 DEBUG -D:\RAHUL\JIO-Test\jio-task\connections\dbConnection.js [Database connected]
2020-11-02 01:12:10 DEBUG -D:\RAHUL\JIO-Test\jio-task\connections\dbConnection.js [Database connected]
